2022-05-12 13:38:48 [main] INFO  c.n.b.Test.BookStoreControllerTests -
				Starting BookStoreControllerTests using Java 16.0.2 on jatinguru with PID 2348 (started by jatinguru in C:\Users\jatinguru\Downloads\bookStore)
2022-05-12 13:38:48 [main] DEBUG c.n.b.Test.BookStoreControllerTests -
				Running with Spring Boot v2.6.7, Spring v5.3.19
2022-05-12 13:38:48 [main] INFO  c.n.b.Test.BookStoreControllerTests -
				No active profile set, falling back to 1 default profile: "default"
2022-05-12 13:38:50 [main] INFO  c.n.b.Test.BookStoreControllerTests -
				Started BookStoreControllerTests in 2.967 seconds (JVM running for 4.986)
2022-05-12 13:38:50 [main] DEBUG c.n.bookStore.controller.Controller -
				Request keyword
2022-05-12 13:40:23 [main] INFO  c.n.b.Test.BookStoreControllerTests -
				Starting BookStoreControllerTests using Java 16.0.2 on jatinguru with PID 8560 (started by jatinguru in C:\Users\jatinguru\Downloads\bookStore)
2022-05-12 13:40:23 [main] DEBUG c.n.b.Test.BookStoreControllerTests -
				Running with Spring Boot v2.6.7, Spring v5.3.19
2022-05-12 13:40:23 [main] INFO  c.n.b.Test.BookStoreControllerTests -
				No active profile set, falling back to 1 default profile: "default"
2022-05-12 13:40:25 [main] INFO  c.n.b.Test.BookStoreControllerTests -
				Started BookStoreControllerTests in 2.747 seconds (JVM running for 4.183)
2022-05-12 13:40:25 [main] DEBUG c.n.bookStore.controller.Controller -
				Request keyword
2022-05-12 13:40:25 [main] WARN  c.n.bookStore.controller.Controller -
				Invalid Input
2022-05-12 13:50:20 [main] INFO  c.n.b.Test.BookStoreControllerTests -
				Starting BookStoreControllerTests using Java 16.0.2 on jatinguru with PID 16512 (started by jatinguru in C:\Users\jatinguru\Downloads\bookStore)
2022-05-12 13:50:20 [main] DEBUG c.n.b.Test.BookStoreControllerTests -
				Running with Spring Boot v2.6.7, Spring v5.3.19
2022-05-12 13:50:20 [main] INFO  c.n.b.Test.BookStoreControllerTests -
				No active profile set, falling back to 1 default profile: "default"
2022-05-12 13:50:23 [main] INFO  c.n.b.Test.BookStoreControllerTests -
				Started BookStoreControllerTests in 2.626 seconds (JVM running for 4.034)
2022-05-12 13:50:23 [main] DEBUG c.n.bookStore.controller.Controller -
				Request keyword
2022-05-12 13:50:23 [main] WARN  c.n.bookStore.controller.Controller -
				Invalid Input
2022-05-12 13:52:00 [main] INFO  c.n.b.Test.BookStoreControllerTests -
				Starting BookStoreControllerTests using Java 16.0.2 on jatinguru with PID 8904 (started by jatinguru in C:\Users\jatinguru\Downloads\bookStore)
2022-05-12 13:52:00 [main] DEBUG c.n.b.Test.BookStoreControllerTests -
				Running with Spring Boot v2.6.7, Spring v5.3.19
2022-05-12 13:52:00 [main] INFO  c.n.b.Test.BookStoreControllerTests -
				No active profile set, falling back to 1 default profile: "default"
2022-05-12 13:52:02 [main] INFO  c.n.b.Test.BookStoreControllerTests -
				Started BookStoreControllerTests in 2.502 seconds (JVM running for 3.881)
2022-05-12 13:52:02 [main] DEBUG c.n.bookStore.controller.Controller -
				Request keyword
2022-05-12 13:52:02 [main] WARN  c.n.bookStore.controller.Controller -
				Invalid Input
2022-05-12 13:55:12 [main] INFO  c.n.b.Test.BookStoreControllerTests -
				Starting BookStoreControllerTests using Java 16.0.2 on jatinguru with PID 9976 (started by jatinguru in C:\Users\jatinguru\Downloads\bookStore)
2022-05-12 13:55:12 [main] DEBUG c.n.b.Test.BookStoreControllerTests -
				Running with Spring Boot v2.6.7, Spring v5.3.19
2022-05-12 13:55:12 [main] INFO  c.n.b.Test.BookStoreControllerTests -
				No active profile set, falling back to 1 default profile: "default"
2022-05-12 13:55:14 [main] INFO  c.n.b.Test.BookStoreControllerTests -
				Started BookStoreControllerTests in 2.57 seconds (JVM running for 3.953)
2022-05-12 13:55:14 [main] DEBUG c.n.bookStore.controller.Controller -
				Request keyword
2022-05-12 13:55:14 [main] WARN  c.n.bookStore.controller.Controller -
				Invalid Input
2022-05-12 13:56:38 [main] INFO  c.n.b.Test.BookStoreControllerTests -
				Starting BookStoreControllerTests using Java 16.0.2 on jatinguru with PID 16524 (started by jatinguru in C:\Users\jatinguru\Downloads\bookStore)
2022-05-12 13:56:38 [main] DEBUG c.n.b.Test.BookStoreControllerTests -
				Running with Spring Boot v2.6.7, Spring v5.3.19
2022-05-12 13:56:38 [main] INFO  c.n.b.Test.BookStoreControllerTests -
				No active profile set, falling back to 1 default profile: "default"
2022-05-12 13:56:40 [main] INFO  c.n.b.Test.BookStoreControllerTests -
				Started BookStoreControllerTests in 2.484 seconds (JVM running for 3.8)
2022-05-12 13:56:40 [main] DEBUG c.n.bookStore.controller.Controller -
				Request keyword
2022-05-12 13:56:40 [main] WARN  c.n.bookStore.controller.Controller -
				Invalid Input
2022-05-12 14:02:02 [main] INFO  c.n.b.Test.BookStoreControllerTests -
				Starting BookStoreControllerTests using Java 16.0.2 on jatinguru with PID 6924 (started by jatinguru in C:\Users\jatinguru\Downloads\bookStore)
2022-05-12 14:02:02 [main] DEBUG c.n.b.Test.BookStoreControllerTests -
				Running with Spring Boot v2.6.7, Spring v5.3.19
2022-05-12 14:02:02 [main] INFO  c.n.b.Test.BookStoreControllerTests -
				No active profile set, falling back to 1 default profile: "default"
2022-05-12 14:02:04 [main] INFO  c.n.b.Test.BookStoreControllerTests -
				Started BookStoreControllerTests in 2.536 seconds (JVM running for 3.894)
2022-05-12 14:02:04 [main] INFO  c.n.bookStore.controller.Controller -
				Adding Data
2022-05-12 14:02:04 [main] DEBUG c.n.bookStore.controller.Controller -
				Response null
2022-05-12 14:43:20 [main] INFO  c.n.b.Test.BookStoreControllerTests -
				Starting BookStoreControllerTests using Java 16.0.2 on jatinguru with PID 2056 (started by jatinguru in C:\Users\jatinguru\Downloads\bookStore)
2022-05-12 14:43:20 [main] DEBUG c.n.b.Test.BookStoreControllerTests -
				Running with Spring Boot v2.6.7, Spring v5.3.19
2022-05-12 14:43:20 [main] INFO  c.n.b.Test.BookStoreControllerTests -
				No active profile set, falling back to 1 default profile: "default"
2022-05-12 14:43:23 [main] INFO  c.n.b.Test.BookStoreControllerTests -
				Started BookStoreControllerTests in 2.723 seconds (JVM running for 3.989)
2022-05-12 14:50:50 [main] INFO  c.n.b.Test.BookStoreControllerTests -
				Starting BookStoreControllerTests using Java 16.0.2 on jatinguru with PID 17604 (started by jatinguru in C:\Users\jatinguru\Downloads\bookStore)
2022-05-12 14:50:50 [main] DEBUG c.n.b.Test.BookStoreControllerTests -
				Running with Spring Boot v2.6.7, Spring v5.3.19
2022-05-12 14:50:50 [main] INFO  c.n.b.Test.BookStoreControllerTests -
				No active profile set, falling back to 1 default profile: "default"
2022-05-12 14:50:52 [main] INFO  c.n.b.Test.BookStoreControllerTests -
				Started BookStoreControllerTests in 2.812 seconds (JVM running for 4.037)
2022-05-12 14:54:29 [main] INFO  c.n.b.Test.BookStoreControllerTests -
				Starting BookStoreControllerTests using Java 16.0.2 on jatinguru with PID 16192 (started by jatinguru in C:\Users\jatinguru\Downloads\bookStore)
2022-05-12 14:54:29 [main] DEBUG c.n.b.Test.BookStoreControllerTests -
				Running with Spring Boot v2.6.7, Spring v5.3.19
2022-05-12 14:54:29 [main] INFO  c.n.b.Test.BookStoreControllerTests -
				No active profile set, falling back to 1 default profile: "default"
2022-05-12 14:54:31 [main] INFO  c.n.b.Test.BookStoreControllerTests -
				Started BookStoreControllerTests in 2.711 seconds (JVM running for 4.041)
2022-05-12 14:54:31 [main] INFO  c.n.bookStore.controller.Controller -
				Adding Data
2022-05-12 14:54:31 [main] DEBUG c.n.bookStore.controller.Controller -
				Response null
2022-05-12 15:07:51 [main] INFO  c.n.b.Test.BookStoreControllerTests -
				Starting BookStoreControllerTests using Java 16.0.2 on jatinguru with PID 16248 (started by jatinguru in C:\Users\jatinguru\Downloads\bookStore)
2022-05-12 15:07:51 [main] DEBUG c.n.b.Test.BookStoreControllerTests -
				Running with Spring Boot v2.6.7, Spring v5.3.19
2022-05-12 15:07:51 [main] INFO  c.n.b.Test.BookStoreControllerTests -
				No active profile set, falling back to 1 default profile: "default"
2022-05-12 15:07:54 [main] INFO  c.n.b.Test.BookStoreControllerTests -
				Started BookStoreControllerTests in 2.76 seconds (JVM running for 4.112)
2022-05-12 15:07:54 [main] INFO  c.n.bookStore.controller.Controller -
				Adding Data
2022-05-12 15:07:54 [main] DEBUG c.n.bookStore.controller.Controller -
				Response null
2022-05-12 15:09:28 [main] INFO  c.n.b.Test.BookStoreControllerTests -
				Starting BookStoreControllerTests using Java 16.0.2 on jatinguru with PID 3600 (started by jatinguru in C:\Users\jatinguru\Downloads\bookStore)
2022-05-12 15:09:28 [main] DEBUG c.n.b.Test.BookStoreControllerTests -
				Running with Spring Boot v2.6.7, Spring v5.3.19
2022-05-12 15:09:28 [main] INFO  c.n.b.Test.BookStoreControllerTests -
				No active profile set, falling back to 1 default profile: "default"
2022-05-12 15:09:30 [main] INFO  c.n.b.Test.BookStoreControllerTests -
				Started BookStoreControllerTests in 2.787 seconds (JVM running for 4.011)
2022-05-12 15:09:31 [main] INFO  c.n.bookStore.controller.Controller -
				Adding Data
2022-05-12 15:09:31 [main] DEBUG c.n.bookStore.controller.Controller -
				Response null
2022-05-12 15:34:58 [main] INFO  c.n.b.Test.BookStoreControllerTests -
				Starting BookStoreControllerTests using Java 16.0.2 on jatinguru with PID 15288 (started by jatinguru in C:\Users\jatinguru\Downloads\bookStore)
2022-05-12 15:34:58 [main] DEBUG c.n.b.Test.BookStoreControllerTests -
				Running with Spring Boot v2.6.7, Spring v5.3.19
2022-05-12 15:34:58 [main] INFO  c.n.b.Test.BookStoreControllerTests -
				No active profile set, falling back to 1 default profile: "default"
2022-05-12 15:35:00 [main] INFO  c.n.b.Test.BookStoreControllerTests -
				Started BookStoreControllerTests in 3.026 seconds (JVM running for 4.61)
2022-05-12 15:35:00 [main] INFO  c.n.bookStore.controller.Controller -
				Adding Data
2022-05-12 15:35:00 [main] DEBUG c.n.bookStore.controller.Controller -
				Response null
2022-05-12 16:32:53 [main] INFO  c.n.b.I.IntegrationTest -
				Starting IntegrationTest using Java 16.0.2 on jatinguru with PID 12788 (started by jatinguru in C:\Users\jatinguru\Downloads\bookStore)
2022-05-12 16:32:53 [main] DEBUG c.n.b.I.IntegrationTest -
				Running with Spring Boot v2.6.7, Spring v5.3.19
2022-05-12 16:32:53 [main] INFO  c.n.b.I.IntegrationTest -
				No active profile set, falling back to 1 default profile: "default"
2022-05-12 16:32:58 [main] INFO  c.n.b.I.IntegrationTest -
				Started IntegrationTest in 6.004 seconds (JVM running for 7.349)
2022-05-12 16:43:50 [main] INFO  c.n.b.I.IntegrationTest -
				Starting IntegrationTest using Java 16.0.2 on jatinguru with PID 4256 (started by jatinguru in C:\Users\jatinguru\Downloads\bookStore)
2022-05-12 16:43:50 [main] DEBUG c.n.b.I.IntegrationTest -
				Running with Spring Boot v2.6.7, Spring v5.3.19
2022-05-12 16:43:50 [main] INFO  c.n.b.I.IntegrationTest -
				No active profile set, falling back to 1 default profile: "default"
2022-05-12 16:43:55 [main] INFO  c.n.b.I.IntegrationTest -
				Started IntegrationTest in 5.254 seconds (JVM running for 6.675)
2022-05-12 16:43:56 [main] INFO  c.n.bookStore.controller.Controller -
				Adding Data
2022-05-12 16:43:56 [main] DEBUG c.n.bookStore.controller.Controller -
				Response BookStore [bId=12, isbn=3242455, title=Universe Mystery, author=Jatin, price=405.0, orderQuantity=1]
2022-05-12 16:46:02 [main] INFO  c.n.b.I.IntegrationTest -
				Starting IntegrationTest using Java 16.0.2 on jatinguru with PID 11044 (started by jatinguru in C:\Users\jatinguru\Downloads\bookStore)
2022-05-12 16:46:02 [main] DEBUG c.n.b.I.IntegrationTest -
				Running with Spring Boot v2.6.7, Spring v5.3.19
2022-05-12 16:46:02 [main] INFO  c.n.b.I.IntegrationTest -
				No active profile set, falling back to 1 default profile: "default"
2022-05-12 16:46:07 [main] INFO  c.n.b.I.IntegrationTest -
				Started IntegrationTest in 5.532 seconds (JVM running for 6.822)
2022-05-12 16:46:08 [main] INFO  c.n.bookStore.controller.Controller -
				Adding Data
2022-05-12 16:46:08 [main] DEBUG c.n.bookStore.controller.Controller -
				Response BookStore [bId=12, isbn=3242455, title=Universe Mystery, author=Jatin, price=405.0, orderQuantity=2]
