2022-05-11 15:13:27 [main] INFO  c.n.b.Test.BookStoreControllerTests -
				Starting BookStoreControllerTests using Java 16.0.2 on jatinguru with PID 15220 (started by jatinguru in C:\Users\jatinguru\Downloads\bookStore)
2022-05-11 15:13:27 [main] DEBUG c.n.b.Test.BookStoreControllerTests -
				Running with Spring Boot v2.6.7, Spring v5.3.19
2022-05-11 15:13:27 [main] INFO  c.n.b.Test.BookStoreControllerTests -
				No active profile set, falling back to 1 default profile: "default"
2022-05-11 15:13:30 [main] INFO  c.n.b.Test.BookStoreControllerTests -
				Started BookStoreControllerTests in 3.274 seconds (JVM running for 5.343)
2022-05-11 15:13:30 [main] INFO  c.n.bookStore.controller.Controller -
				Data Found
2022-05-11 15:13:30 [main] DEBUG c.n.bookStore.controller.Controller -
				Response [BookStore [bId=1231, isbn=6535325, title=The Great Man, author=King Luther, price=560.0, orderQuantity=10], BookStore [bId=1232, isbn=3565373, title=Animal Kingdom, author=Shaba Kher, price=262.0, orderQuantity=40], BookStore [bId=1235, isbn=1536323, title=Virtual World, author=Akash Chaudhary, price=700.0, orderQuantity=2], BookStore [bId=1251, isbn=9585323, title=The Giant Universe, author=Rohit Mathur, price=650.0, orderQuantity=10], BookStore [bId=1237, isbn=8545323, title=Incredible India, author=Mahesh Singh, price=890.0, orderQuantity=60]]
2022-05-11 16:09:16 [main] INFO  c.n.b.Test.BookStoreControllerTests -
				Starting BookStoreControllerTests using Java 16.0.2 on jatinguru with PID 4612 (started by jatinguru in C:\Users\jatinguru\Downloads\bookStore)
2022-05-11 16:09:16 [main] DEBUG c.n.b.Test.BookStoreControllerTests -
				Running with Spring Boot v2.6.7, Spring v5.3.19
2022-05-11 16:09:16 [main] INFO  c.n.b.Test.BookStoreControllerTests -
				No active profile set, falling back to 1 default profile: "default"
2022-05-11 16:09:18 [main] INFO  c.n.b.Test.BookStoreControllerTests -
				Started BookStoreControllerTests in 2.702 seconds (JVM running for 3.994)
2022-05-11 16:09:19 [main] INFO  c.n.bookStore.controller.Controller -
				Data Found
2022-05-11 16:09:19 [main] DEBUG c.n.bookStore.controller.Controller -
				Response [BookStore [bId=1231, isbn=6535325, title=The Great Man, author=King Luther, price=560.0, orderQuantity=10], BookStore [bId=1232, isbn=3565373, title=Animal Kingdom, author=Shaba Kher, price=262.0, orderQuantity=40], BookStore [bId=1235, isbn=1536323, title=Virtual World, author=Akash Chaudhary, price=700.0, orderQuantity=2], BookStore [bId=1251, isbn=9585323, title=The Giant Universe, author=Rohit Mathur, price=650.0, orderQuantity=10], BookStore [bId=1237, isbn=8545323, title=Incredible India, author=Mahesh Singh, price=890.0, orderQuantity=60]]
2022-05-11 16:09:58 [main] INFO  c.n.b.Test.BookStoreControllerTests -
				Starting BookStoreControllerTests using Java 16.0.2 on jatinguru with PID 14844 (started by jatinguru in C:\Users\jatinguru\Downloads\bookStore)
2022-05-11 16:09:58 [main] DEBUG c.n.b.Test.BookStoreControllerTests -
				Running with Spring Boot v2.6.7, Spring v5.3.19
2022-05-11 16:09:58 [main] INFO  c.n.b.Test.BookStoreControllerTests -
				No active profile set, falling back to 1 default profile: "default"
2022-05-11 16:10:00 [main] INFO  c.n.b.Test.BookStoreControllerTests -
				Started BookStoreControllerTests in 2.565 seconds (JVM running for 3.869)
2022-05-11 16:10:00 [main] INFO  c.n.bookStore.controller.Controller -
				Data Found
2022-05-11 16:10:00 [main] DEBUG c.n.bookStore.controller.Controller -
				Response [BookStore [bId=1231, isbn=6535325, title=The Great Man, author=King Luther, price=560.0, orderQuantity=10], BookStore [bId=1232, isbn=3565373, title=Animal Kingdom, author=Shaba Kher, price=262.0, orderQuantity=40], BookStore [bId=1235, isbn=1536323, title=Virtual World, author=Akash Chaudhary, price=700.0, orderQuantity=2], BookStore [bId=1251, isbn=9585323, title=The Giant Universe, author=Rohit Mathur, price=650.0, orderQuantity=10], BookStore [bId=1237, isbn=8545323, title=Incredible India, author=Mahesh Singh, price=890.0, orderQuantity=60]]
2022-05-11 16:58:46 [main] INFO  c.n.b.Test.BookStoreControllerTests -
				Starting BookStoreControllerTests using Java 16.0.2 on jatinguru with PID 17220 (started by jatinguru in C:\Users\jatinguru\Downloads\bookStore)
2022-05-11 16:58:46 [main] DEBUG c.n.b.Test.BookStoreControllerTests -
				Running with Spring Boot v2.6.7, Spring v5.3.19
2022-05-11 16:58:46 [main] INFO  c.n.b.Test.BookStoreControllerTests -
				No active profile set, falling back to 1 default profile: "default"
2022-05-11 16:58:48 [main] INFO  c.n.b.Test.BookStoreControllerTests -
				Started BookStoreControllerTests in 2.672 seconds (JVM running for 4.132)
2022-05-11 16:58:48 [main] INFO  c.n.bookStore.controller.Controller -
				Data Found
2022-05-11 16:58:48 [main] DEBUG c.n.bookStore.controller.Controller -
				Response [BookStore [bId=1231, isbn=6535325, title=The Great Man, author=King Luther, price=560.0, orderQuantity=10], BookStore [bId=1232, isbn=3565373, title=Animal Kingdom, author=Shaba Kher, price=262.0, orderQuantity=40], BookStore [bId=1235, isbn=1536323, title=Virtual World, author=Akash Chaudhary, price=700.0, orderQuantity=2], BookStore [bId=1251, isbn=9585323, title=The Giant Universe, author=Rohit Mathur, price=650.0, orderQuantity=10], BookStore [bId=1237, isbn=8545323, title=Incredible India, author=Mahesh Singh, price=890.0, orderQuantity=60]]
2022-05-11 17:00:34 [main] INFO  c.n.b.Test.BookStoreControllerTests -
				Starting BookStoreControllerTests using Java 16.0.2 on jatinguru with PID 4620 (started by jatinguru in C:\Users\jatinguru\Downloads\bookStore)
2022-05-11 17:00:34 [main] DEBUG c.n.b.Test.BookStoreControllerTests -
				Running with Spring Boot v2.6.7, Spring v5.3.19
2022-05-11 17:00:34 [main] INFO  c.n.b.Test.BookStoreControllerTests -
				No active profile set, falling back to 1 default profile: "default"
2022-05-11 17:00:37 [main] INFO  c.n.b.Test.BookStoreControllerTests -
				Started BookStoreControllerTests in 2.527 seconds (JVM running for 3.743)
2022-05-11 17:00:37 [main] INFO  c.n.bookStore.controller.Controller -
				Data Found
2022-05-11 17:00:37 [main] DEBUG c.n.bookStore.controller.Controller -
				Response [BookStore [bId=1231, isbn=6535325, title=The Great Man, author=King Luther, price=560.0, orderQuantity=10], BookStore [bId=1232, isbn=3565373, title=Animal Kingdom, author=Shaba Kher, price=262.0, orderQuantity=40], BookStore [bId=1235, isbn=1536323, title=Virtual World, author=Akash Chaudhary, price=700.0, orderQuantity=2], BookStore [bId=1251, isbn=9585323, title=The Giant Universe, author=Rohit Mathur, price=650.0, orderQuantity=10], BookStore [bId=1237, isbn=8545323, title=Incredible India, author=Mahesh Singh, price=890.0, orderQuantity=60]]
2022-05-11 17:03:28 [main] INFO  c.n.b.Test.BookStoreControllerTests -
				Starting BookStoreControllerTests using Java 16.0.2 on jatinguru with PID 4444 (started by jatinguru in C:\Users\jatinguru\Downloads\bookStore)
2022-05-11 17:03:28 [main] DEBUG c.n.b.Test.BookStoreControllerTests -
				Running with Spring Boot v2.6.7, Spring v5.3.19
2022-05-11 17:03:28 [main] INFO  c.n.b.Test.BookStoreControllerTests -
				No active profile set, falling back to 1 default profile: "default"
2022-05-11 17:03:31 [main] INFO  c.n.b.Test.BookStoreControllerTests -
				Started BookStoreControllerTests in 2.614 seconds (JVM running for 3.858)
2022-05-11 17:03:31 [main] INFO  c.n.bookStore.controller.Controller -
				Data Found
2022-05-11 17:03:31 [main] DEBUG c.n.bookStore.controller.Controller -
				Response [BookStore [bId=1231, isbn=6535325, title=The Great Man, author=King Luther, price=560.0, orderQuantity=10], BookStore [bId=1232, isbn=3565373, title=Animal Kingdom, author=Shaba Kher, price=262.0, orderQuantity=40], BookStore [bId=1235, isbn=1536323, title=Virtual World, author=Akash Chaudhary, price=700.0, orderQuantity=2], BookStore [bId=1251, isbn=9585323, title=The Giant Universe, author=Rohit Mathur, price=650.0, orderQuantity=10], BookStore [bId=1237, isbn=8545323, title=Incredible India, author=Mahesh Singh, price=890.0, orderQuantity=60]]
2022-05-11 17:04:06 [main] INFO  c.n.b.Test.BookStoreControllerTests -
				Starting BookStoreControllerTests using Java 16.0.2 on jatinguru with PID 11056 (started by jatinguru in C:\Users\jatinguru\Downloads\bookStore)
2022-05-11 17:04:06 [main] DEBUG c.n.b.Test.BookStoreControllerTests -
				Running with Spring Boot v2.6.7, Spring v5.3.19
2022-05-11 17:04:06 [main] INFO  c.n.b.Test.BookStoreControllerTests -
				No active profile set, falling back to 1 default profile: "default"
2022-05-11 17:04:08 [main] INFO  c.n.b.Test.BookStoreControllerTests -
				Started BookStoreControllerTests in 2.555 seconds (JVM running for 3.751)
2022-05-11 17:08:09 [main] INFO  c.n.b.Test.BookStoreControllerTests -
				Starting BookStoreControllerTests using Java 16.0.2 on jatinguru with PID 16624 (started by jatinguru in C:\Users\jatinguru\Downloads\bookStore)
2022-05-11 17:08:09 [main] DEBUG c.n.b.Test.BookStoreControllerTests -
				Running with Spring Boot v2.6.7, Spring v5.3.19
2022-05-11 17:08:09 [main] INFO  c.n.b.Test.BookStoreControllerTests -
				No active profile set, falling back to 1 default profile: "default"
2022-05-11 17:08:11 [main] INFO  c.n.b.Test.BookStoreControllerTests -
				Started BookStoreControllerTests in 2.645 seconds (JVM running for 3.858)
2022-05-11 17:08:11 [main] INFO  c.n.bookStore.controller.Controller -
				Data Found
2022-05-11 17:08:11 [main] DEBUG c.n.bookStore.controller.Controller -
				Response [BookStore [bId=1231, isbn=6535325, title=The Great Man, author=King Luther, price=560.0, orderQuantity=10], BookStore [bId=1232, isbn=3565373, title=Animal Kingdom, author=Shaba Kher, price=262.0, orderQuantity=40], BookStore [bId=1235, isbn=1536323, title=Virtual World, author=Akash Chaudhary, price=700.0, orderQuantity=2], BookStore [bId=1251, isbn=9585323, title=The Giant Universe, author=Rohit Mathur, price=650.0, orderQuantity=10], BookStore [bId=1237, isbn=8545323, title=Incredible India, author=Mahesh Singh, price=890.0, orderQuantity=60]]
2022-05-11 17:08:11 [main] INFO  c.n.bookStore.controller.Controller -
				Adding Data
2022-05-11 17:08:11 [main] DEBUG c.n.bookStore.controller.Controller -
				Response null
2022-05-11 17:09:24 [main] INFO  c.n.b.Test.BookStoreControllerTests -
				Starting BookStoreControllerTests using Java 16.0.2 on jatinguru with PID 16728 (started by jatinguru in C:\Users\jatinguru\Downloads\bookStore)
2022-05-11 17:09:24 [main] DEBUG c.n.b.Test.BookStoreControllerTests -
				Running with Spring Boot v2.6.7, Spring v5.3.19
2022-05-11 17:09:24 [main] INFO  c.n.b.Test.BookStoreControllerTests -
				No active profile set, falling back to 1 default profile: "default"
2022-05-11 17:09:26 [main] INFO  c.n.b.Test.BookStoreControllerTests -
				Started BookStoreControllerTests in 2.485 seconds (JVM running for 3.746)
2022-05-11 17:09:26 [main] INFO  c.n.bookStore.controller.Controller -
				Adding Data
2022-05-11 17:09:26 [main] DEBUG c.n.bookStore.controller.Controller -
				Response null
2022-05-11 17:13:07 [main] INFO  c.n.b.Test.BookStoreControllerTests -
				Starting BookStoreControllerTests using Java 16.0.2 on jatinguru with PID 18340 (started by jatinguru in C:\Users\jatinguru\Downloads\bookStore)
2022-05-11 17:13:07 [main] DEBUG c.n.b.Test.BookStoreControllerTests -
				Running with Spring Boot v2.6.7, Spring v5.3.19
2022-05-11 17:13:07 [main] INFO  c.n.b.Test.BookStoreControllerTests -
				No active profile set, falling back to 1 default profile: "default"
2022-05-11 17:13:10 [main] INFO  c.n.b.Test.BookStoreControllerTests -
				Started BookStoreControllerTests in 2.517 seconds (JVM running for 3.725)
2022-05-11 17:13:10 [main] INFO  c.n.bookStore.controller.Controller -
				Adding Data
2022-05-11 17:13:10 [main] DEBUG c.n.bookStore.controller.Controller -
				Response null
2022-05-11 17:15:11 [main] INFO  c.n.b.Test.BookStoreControllerTests -
				Starting BookStoreControllerTests using Java 16.0.2 on jatinguru with PID 13612 (started by jatinguru in C:\Users\jatinguru\Downloads\bookStore)
2022-05-11 17:15:11 [main] DEBUG c.n.b.Test.BookStoreControllerTests -
				Running with Spring Boot v2.6.7, Spring v5.3.19
2022-05-11 17:15:11 [main] INFO  c.n.b.Test.BookStoreControllerTests -
				No active profile set, falling back to 1 default profile: "default"
2022-05-11 17:15:14 [main] INFO  c.n.b.Test.BookStoreControllerTests -
				Started BookStoreControllerTests in 2.875 seconds (JVM running for 4.079)
2022-05-11 17:15:14 [main] INFO  c.n.bookStore.controller.Controller -
				Adding Data
2022-05-11 17:15:14 [main] DEBUG c.n.bookStore.controller.Controller -
				Response null
